<?xml version="1.0" encoding="UTF-8"?>
<robot generator="Robot 4.1.3 (Python 3.10.0 on win32)" generated="20220104 15:17:22.017" rpa="false" schemaversion="2">
<suite id="s1" name="Tags" source="C:\Users\user\PycharmProjects\RobotFrameworkProject\TestCases\Tags.robot">
<test id="s1-t1" name="TC1 Register">
<kw name="Log To Console" library="BuiltIn">
<arg>register test case</arg>
<doc>Logs the given message to the console.</doc>
<status status="PASS" starttime="20220104 15:17:22.047" endtime="20220104 15:17:22.047"/>
</kw>
<tag>sanity</tag>
<status status="PASS" starttime="20220104 15:17:22.047" endtime="20220104 15:17:22.047"/>
</test>
<test id="s1-t2" name="TC2 Login">
<kw name="Log To Console" library="BuiltIn">
<arg>login test case</arg>
<doc>Logs the given message to the console.</doc>
<status status="PASS" starttime="20220104 15:17:22.047" endtime="20220104 15:17:22.047"/>
</kw>
<tag>sanity</tag>
<status status="PASS" starttime="20220104 15:17:22.047" endtime="20220104 15:17:22.047"/>
</test>
<test id="s1-t3" name="TC4 Tansfer">
<kw name="Log To Console" library="BuiltIn">
<arg>Transfer test case</arg>
<doc>Logs the given message to the console.</doc>
<status status="PASS" starttime="20220104 15:17:22.047" endtime="20220104 15:17:22.047"/>
</kw>
<tag>functional</tag>
<tag>regression</tag>
<status status="PASS" starttime="20220104 15:17:22.047" endtime="20220104 15:17:22.057"/>
</test>
<status status="PASS" starttime="20220104 15:17:22.017" endtime="20220104 15:17:22.057"/>
</suite>
<statistics>
<total>
<stat pass="3" fail="0" skip="0">All Tests</stat>
</total>
<tag>
<stat pass="1" fail="0" skip="0">functional</stat>
<stat pass="1" fail="0" skip="0">regression</stat>
<stat pass="2" fail="0" skip="0">sanity</stat>
</tag>
<suite>
<stat pass="3" fail="0" skip="0" id="s1" name="Tags">Tags</stat>
</suite>
</statistics>
<errors>
</errors>
</robot>
