<?xml version="1.0" encoding="UTF-8"?>
<robot generator="Robot 4.1.3 (Python 3.10.0 on win32)" generated="20220104 07:58:35.557" rpa="false" schemaversion="2">
<suite id="s1" name="HTMLWebTable" source="C:\Users\user\PycharmProjects\RobotFrameworkProject\TestCases\HTMLWebTable.robot">
<test id="s1-t1" name="Table">
<kw name="Open Browser" library="SeleniumLibrary">
<arg>${url}</arg>
<arg>${browser}</arg>
<doc>Opens a new browser instance to the optional ``url``.</doc>
<msg timestamp="20220104 07:58:35.895" level="INFO">Opening browser 'chrome' to base url 'https://www.techlistic.com/p/demo-selenium-practice.html'.</msg>
<status status="PASS" starttime="20220104 07:58:35.895" endtime="20220104 07:58:43.996"/>
</kw>
<kw name="Maximize Browser Window" library="SeleniumLibrary">
<doc>Maximizes current browser window.</doc>
<status status="PASS" starttime="20220104 07:58:43.997" endtime="20220104 07:58:44.131"/>
</kw>
<kw name="Get Element Count" library="SeleniumLibrary">
<var>${row_count}</var>
<arg>xpath://table[@id='customers']/tbody/tr</arg>
<doc>Returns the number of elements matching ``locator``.</doc>
<msg timestamp="20220104 07:58:44.148" level="INFO">${row_count} = 7</msg>
<status status="PASS" starttime="20220104 07:58:44.132" endtime="20220104 07:58:44.148"/>
</kw>
<kw name="Get Element Count" library="SeleniumLibrary">
<var>${column_count}</var>
<arg>xpath://table[@id='customers']/tbody/tr/th</arg>
<doc>Returns the number of elements matching ``locator``.</doc>
<msg timestamp="20220104 07:58:44.163" level="INFO">${column_count} = 3</msg>
<status status="PASS" starttime="20220104 07:58:44.149" endtime="20220104 07:58:44.163"/>
</kw>
<kw name="Log To Console" library="BuiltIn">
<arg>Row count including header: ${row_count}</arg>
<doc>Logs the given message to the console.</doc>
<status status="PASS" starttime="20220104 07:58:44.164" endtime="20220104 07:58:44.164"/>
</kw>
<kw name="Log To Console" library="BuiltIn">
<arg>Columns count: ${column_count}</arg>
<doc>Logs the given message to the console.</doc>
<status status="PASS" starttime="20220104 07:58:44.164" endtime="20220104 07:58:44.165"/>
</kw>
<kw name="Table Header Should Contain" library="SeleniumLibrary">
<arg>xpath://table[@id='customers']</arg>
<arg>Country</arg>
<doc>Verifies table header contains text ``expected``.</doc>
<status status="PASS" starttime="20220104 07:58:44.165" endtime="20220104 07:58:44.251"/>
</kw>
<kw name="Table Row Should Contain" library="SeleniumLibrary">
<arg>xpath://table[@id='customers']</arg>
<arg>2</arg>
<arg>Google</arg>
<doc>Verifies that table row contains text ``expected``.</doc>
<status status="PASS" starttime="20220104 07:58:44.251" endtime="20220104 07:58:44.293"/>
</kw>
<kw name="Table Cell Should Contain" library="SeleniumLibrary">
<arg>xpath://table[@id='customers']</arg>
<arg>4</arg>
<arg>3</arg>
<arg>Austria</arg>
<doc>Verifies table cell contains text ``expected``.</doc>
<msg timestamp="20220104 07:58:44.350" level="INFO">Table cell contains 'Austria'.</msg>
<status status="PASS" starttime="20220104 07:58:44.294" endtime="20220104 07:58:44.350"/>
</kw>
<for flavor="IN RANGE">
<var>${i}</var>
<value>2</value>
<value>${row_count}+1</value>
<iter>
<var name="${i}">2</var>
<for flavor="IN RANGE">
<var>${j}</var>
<value>1</value>
<value>${column_count}+1</value>
<iter>
<var name="${j}">1</var>
<kw name="Get Text" library="SeleniumLibrary">
<var>${val}</var>
<arg>xpath://table[@id='customers']/tbody/tr[${i}]/td[${j}]</arg>
<doc>Returns the text value of the element identified by ``locator``.</doc>
<msg timestamp="20220104 07:58:44.375" level="INFO">${val} = Google</msg>
<status status="PASS" starttime="20220104 07:58:44.351" endtime="20220104 07:58:44.375"/>
</kw>
<kw name="Log To Console" library="BuiltIn">
<arg>${val}</arg>
<doc>Logs the given message to the console.</doc>
<status status="PASS" starttime="20220104 07:58:44.375" endtime="20220104 07:58:44.375"/>
</kw>
<status status="PASS" starttime="20220104 07:58:44.351" endtime="20220104 07:58:44.376"/>
</iter>
<iter>
<var name="${j}">2</var>
<kw name="Get Text" library="SeleniumLibrary">
<var>${val}</var>
<arg>xpath://table[@id='customers']/tbody/tr[${i}]/td[${j}]</arg>
<doc>Returns the text value of the element identified by ``locator``.</doc>
<msg timestamp="20220104 07:58:44.398" level="INFO">${val} = Maria Anders</msg>
<status status="PASS" starttime="20220104 07:58:44.376" endtime="20220104 07:58:44.398"/>
</kw>
<kw name="Log To Console" library="BuiltIn">
<arg>${val}</arg>
<doc>Logs the given message to the console.</doc>
<status status="PASS" starttime="20220104 07:58:44.398" endtime="20220104 07:58:44.399"/>
</kw>
<status status="PASS" starttime="20220104 07:58:44.376" endtime="20220104 07:58:44.399"/>
</iter>
<iter>
<var name="${j}">3</var>
<kw name="Get Text" library="SeleniumLibrary">
<var>${val}</var>
<arg>xpath://table[@id='customers']/tbody/tr[${i}]/td[${j}]</arg>
<doc>Returns the text value of the element identified by ``locator``.</doc>
<msg timestamp="20220104 07:58:44.423" level="INFO">${val} = Germany</msg>
<status status="PASS" starttime="20220104 07:58:44.399" endtime="20220104 07:58:44.423"/>
</kw>
<kw name="Log To Console" library="BuiltIn">
<arg>${val}</arg>
<doc>Logs the given message to the console.</doc>
<status status="PASS" starttime="20220104 07:58:44.423" endtime="20220104 07:58:44.424"/>
</kw>
<status status="PASS" starttime="20220104 07:58:44.399" endtime="20220104 07:58:44.424"/>
</iter>
<status status="PASS" starttime="20220104 07:58:44.351" endtime="20220104 07:58:44.424"/>
</for>
<status status="PASS" starttime="20220104 07:58:44.351" endtime="20220104 07:58:44.424"/>
</iter>
<iter>
<var name="${i}">3</var>
<for flavor="IN RANGE">
<var>${j}</var>
<value>1</value>
<value>${column_count}+1</value>
<iter>
<var name="${j}">1</var>
<kw name="Get Text" library="SeleniumLibrary">
<var>${val}</var>
<arg>xpath://table[@id='customers']/tbody/tr[${i}]/td[${j}]</arg>
<doc>Returns the text value of the element identified by ``locator``.</doc>
<msg timestamp="20220104 07:58:44.447" level="INFO">${val} = Meta</msg>
<status status="PASS" starttime="20220104 07:58:44.424" endtime="20220104 07:58:44.447"/>
</kw>
<kw name="Log To Console" library="BuiltIn">
<arg>${val}</arg>
<doc>Logs the given message to the console.</doc>
<status status="PASS" starttime="20220104 07:58:44.447" endtime="20220104 07:58:44.447"/>
</kw>
<status status="PASS" starttime="20220104 07:58:44.424" endtime="20220104 07:58:44.447"/>
</iter>
<iter>
<var name="${j}">2</var>
<kw name="Get Text" library="SeleniumLibrary">
<var>${val}</var>
<arg>xpath://table[@id='customers']/tbody/tr[${i}]/td[${j}]</arg>
<doc>Returns the text value of the element identified by ``locator``.</doc>
<msg timestamp="20220104 07:58:44.473" level="INFO">${val} = Francisco Chang</msg>
<status status="PASS" starttime="20220104 07:58:44.448" endtime="20220104 07:58:44.473"/>
</kw>
<kw name="Log To Console" library="BuiltIn">
<arg>${val}</arg>
<doc>Logs the given message to the console.</doc>
<status status="PASS" starttime="20220104 07:58:44.473" endtime="20220104 07:58:44.474"/>
</kw>
<status status="PASS" starttime="20220104 07:58:44.447" endtime="20220104 07:58:44.474"/>
</iter>
<iter>
<var name="${j}">3</var>
<kw name="Get Text" library="SeleniumLibrary">
<var>${val}</var>
<arg>xpath://table[@id='customers']/tbody/tr[${i}]/td[${j}]</arg>
<doc>Returns the text value of the element identified by ``locator``.</doc>
<msg timestamp="20220104 07:58:44.509" level="INFO">${val} = Mexico</msg>
<status status="PASS" starttime="20220104 07:58:44.474" endtime="20220104 07:58:44.509"/>
</kw>
<kw name="Log To Console" library="BuiltIn">
<arg>${val}</arg>
<doc>Logs the given message to the console.</doc>
<status status="PASS" starttime="20220104 07:58:44.509" endtime="20220104 07:58:44.510"/>
</kw>
<status status="PASS" starttime="20220104 07:58:44.474" endtime="20220104 07:58:44.510"/>
</iter>
<status status="PASS" starttime="20220104 07:58:44.424" endtime="20220104 07:58:44.510"/>
</for>
<status status="PASS" starttime="20220104 07:58:44.424" endtime="20220104 07:58:44.510"/>
</iter>
<iter>
<var name="${i}">4</var>
<for flavor="IN RANGE">
<var>${j}</var>
<value>1</value>
<value>${column_count}+1</value>
<iter>
<var name="${j}">1</var>
<kw name="Get Text" library="SeleniumLibrary">
<var>${val}</var>
<arg>xpath://table[@id='customers']/tbody/tr[${i}]/td[${j}]</arg>
<doc>Returns the text value of the element identified by ``locator``.</doc>
<msg timestamp="20220104 07:58:44.533" level="INFO">${val} = Microsoft</msg>
<status status="PASS" starttime="20220104 07:58:44.511" endtime="20220104 07:58:44.533"/>
</kw>
<kw name="Log To Console" library="BuiltIn">
<arg>${val}</arg>
<doc>Logs the given message to the console.</doc>
<status status="PASS" starttime="20220104 07:58:44.533" endtime="20220104 07:58:44.534"/>
</kw>
<status status="PASS" starttime="20220104 07:58:44.510" endtime="20220104 07:58:44.534"/>
</iter>
<iter>
<var name="${j}">2</var>
<kw name="Get Text" library="SeleniumLibrary">
<var>${val}</var>
<arg>xpath://table[@id='customers']/tbody/tr[${i}]/td[${j}]</arg>
<doc>Returns the text value of the element identified by ``locator``.</doc>
<msg timestamp="20220104 07:58:44.554" level="INFO">${val} = Roland Mendel</msg>
<status status="PASS" starttime="20220104 07:58:44.534" endtime="20220104 07:58:44.554"/>
</kw>
<kw name="Log To Console" library="BuiltIn">
<arg>${val}</arg>
<doc>Logs the given message to the console.</doc>
<status status="PASS" starttime="20220104 07:58:44.555" endtime="20220104 07:58:44.556"/>
</kw>
<status status="PASS" starttime="20220104 07:58:44.534" endtime="20220104 07:58:44.556"/>
</iter>
<iter>
<var name="${j}">3</var>
<kw name="Get Text" library="SeleniumLibrary">
<var>${val}</var>
<arg>xpath://table[@id='customers']/tbody/tr[${i}]/td[${j}]</arg>
<doc>Returns the text value of the element identified by ``locator``.</doc>
<msg timestamp="20220104 07:58:44.584" level="INFO">${val} = Austria</msg>
<status status="PASS" starttime="20220104 07:58:44.556" endtime="20220104 07:58:44.584"/>
</kw>
<kw name="Log To Console" library="BuiltIn">
<arg>${val}</arg>
<doc>Logs the given message to the console.</doc>
<status status="PASS" starttime="20220104 07:58:44.584" endtime="20220104 07:58:44.585"/>
</kw>
<status status="PASS" starttime="20220104 07:58:44.556" endtime="20220104 07:58:44.585"/>
</iter>
<status status="PASS" starttime="20220104 07:58:44.510" endtime="20220104 07:58:44.585"/>
</for>
<status status="PASS" starttime="20220104 07:58:44.510" endtime="20220104 07:58:44.585"/>
</iter>
<iter>
<var name="${i}">5</var>
<for flavor="IN RANGE">
<var>${j}</var>
<value>1</value>
<value>${column_count}+1</value>
<iter>
<var name="${j}">1</var>
<kw name="Get Text" library="SeleniumLibrary">
<var>${val}</var>
<arg>xpath://table[@id='customers']/tbody/tr[${i}]/td[${j}]</arg>
<doc>Returns the text value of the element identified by ``locator``.</doc>
<msg timestamp="20220104 07:58:44.606" level="INFO">${val} = Island Trading</msg>
<status status="PASS" starttime="20220104 07:58:44.585" endtime="20220104 07:58:44.606"/>
</kw>
<kw name="Log To Console" library="BuiltIn">
<arg>${val}</arg>
<doc>Logs the given message to the console.</doc>
<status status="PASS" starttime="20220104 07:58:44.606" endtime="20220104 07:58:44.607"/>
</kw>
<status status="PASS" starttime="20220104 07:58:44.585" endtime="20220104 07:58:44.607"/>
</iter>
<iter>
<var name="${j}">2</var>
<kw name="Get Text" library="SeleniumLibrary">
<var>${val}</var>
<arg>xpath://table[@id='customers']/tbody/tr[${i}]/td[${j}]</arg>
<doc>Returns the text value of the element identified by ``locator``.</doc>
<msg timestamp="20220104 07:58:44.630" level="INFO">${val} = Helen Bennett</msg>
<status status="PASS" starttime="20220104 07:58:44.607" endtime="20220104 07:58:44.630"/>
</kw>
<kw name="Log To Console" library="BuiltIn">
<arg>${val}</arg>
<doc>Logs the given message to the console.</doc>
<status status="PASS" starttime="20220104 07:58:44.630" endtime="20220104 07:58:44.631"/>
</kw>
<status status="PASS" starttime="20220104 07:58:44.607" endtime="20220104 07:58:44.631"/>
</iter>
<iter>
<var name="${j}">3</var>
<kw name="Get Text" library="SeleniumLibrary">
<var>${val}</var>
<arg>xpath://table[@id='customers']/tbody/tr[${i}]/td[${j}]</arg>
<doc>Returns the text value of the element identified by ``locator``.</doc>
<msg timestamp="20220104 07:58:44.660" level="INFO">${val} = UK</msg>
<status status="PASS" starttime="20220104 07:58:44.631" endtime="20220104 07:58:44.660"/>
</kw>
<kw name="Log To Console" library="BuiltIn">
<arg>${val}</arg>
<doc>Logs the given message to the console.</doc>
<status status="PASS" starttime="20220104 07:58:44.660" endtime="20220104 07:58:44.660"/>
</kw>
<status status="PASS" starttime="20220104 07:58:44.631" endtime="20220104 07:58:44.660"/>
</iter>
<status status="PASS" starttime="20220104 07:58:44.585" endtime="20220104 07:58:44.660"/>
</for>
<status status="PASS" starttime="20220104 07:58:44.585" endtime="20220104 07:58:44.660"/>
</iter>
<iter>
<var name="${i}">6</var>
<for flavor="IN RANGE">
<var>${j}</var>
<value>1</value>
<value>${column_count}+1</value>
<iter>
<var name="${j}">1</var>
<kw name="Get Text" library="SeleniumLibrary">
<var>${val}</var>
<arg>xpath://table[@id='customers']/tbody/tr[${i}]/td[${j}]</arg>
<doc>Returns the text value of the element identified by ``locator``.</doc>
<msg timestamp="20220104 07:58:44.683" level="INFO">${val} = Adobe</msg>
<status status="PASS" starttime="20220104 07:58:44.661" endtime="20220104 07:58:44.683"/>
</kw>
<kw name="Log To Console" library="BuiltIn">
<arg>${val}</arg>
<doc>Logs the given message to the console.</doc>
<status status="PASS" starttime="20220104 07:58:44.683" endtime="20220104 07:58:44.684"/>
</kw>
<status status="PASS" starttime="20220104 07:58:44.661" endtime="20220104 07:58:44.684"/>
</iter>
<iter>
<var name="${j}">2</var>
<kw name="Get Text" library="SeleniumLibrary">
<var>${val}</var>
<arg>xpath://table[@id='customers']/tbody/tr[${i}]/td[${j}]</arg>
<doc>Returns the text value of the element identified by ``locator``.</doc>
<msg timestamp="20220104 07:58:44.710" level="INFO">${val} = Yoshi Tannamuri</msg>
<status status="PASS" starttime="20220104 07:58:44.685" endtime="20220104 07:58:44.710"/>
</kw>
<kw name="Log To Console" library="BuiltIn">
<arg>${val}</arg>
<doc>Logs the given message to the console.</doc>
<status status="PASS" starttime="20220104 07:58:44.710" endtime="20220104 07:58:44.711"/>
</kw>
<status status="PASS" starttime="20220104 07:58:44.684" endtime="20220104 07:58:44.711"/>
</iter>
<iter>
<var name="${j}">3</var>
<kw name="Get Text" library="SeleniumLibrary">
<var>${val}</var>
<arg>xpath://table[@id='customers']/tbody/tr[${i}]/td[${j}]</arg>
<doc>Returns the text value of the element identified by ``locator``.</doc>
<msg timestamp="20220104 07:58:44.736" level="INFO">${val} = Canada</msg>
<status status="PASS" starttime="20220104 07:58:44.711" endtime="20220104 07:58:44.736"/>
</kw>
<kw name="Log To Console" library="BuiltIn">
<arg>${val}</arg>
<doc>Logs the given message to the console.</doc>
<status status="PASS" starttime="20220104 07:58:44.736" endtime="20220104 07:58:44.736"/>
</kw>
<status status="PASS" starttime="20220104 07:58:44.711" endtime="20220104 07:58:44.736"/>
</iter>
<status status="PASS" starttime="20220104 07:58:44.661" endtime="20220104 07:58:44.736"/>
</for>
<status status="PASS" starttime="20220104 07:58:44.661" endtime="20220104 07:58:44.736"/>
</iter>
<iter>
<var name="${i}">7</var>
<for flavor="IN RANGE">
<var>${j}</var>
<value>1</value>
<value>${column_count}+1</value>
<iter>
<var name="${j}">1</var>
<kw name="Get Text" library="SeleniumLibrary">
<var>${val}</var>
<arg>xpath://table[@id='customers']/tbody/tr[${i}]/td[${j}]</arg>
<doc>Returns the text value of the element identified by ``locator``.</doc>
<msg timestamp="20220104 07:58:44.761" level="INFO">${val} = Amazon</msg>
<status status="PASS" starttime="20220104 07:58:44.737" endtime="20220104 07:58:44.761"/>
</kw>
<kw name="Log To Console" library="BuiltIn">
<arg>${val}</arg>
<doc>Logs the given message to the console.</doc>
<status status="PASS" starttime="20220104 07:58:44.761" endtime="20220104 07:58:44.762"/>
</kw>
<status status="PASS" starttime="20220104 07:58:44.737" endtime="20220104 07:58:44.762"/>
</iter>
<iter>
<var name="${j}">2</var>
<kw name="Get Text" library="SeleniumLibrary">
<var>${val}</var>
<arg>xpath://table[@id='customers']/tbody/tr[${i}]/td[${j}]</arg>
<doc>Returns the text value of the element identified by ``locator``.</doc>
<msg timestamp="20220104 07:58:44.795" level="INFO">${val} = Giovanni Rovelli</msg>
<status status="PASS" starttime="20220104 07:58:44.762" endtime="20220104 07:58:44.795"/>
</kw>
<kw name="Log To Console" library="BuiltIn">
<arg>${val}</arg>
<doc>Logs the given message to the console.</doc>
<status status="PASS" starttime="20220104 07:58:44.795" endtime="20220104 07:58:44.797"/>
</kw>
<status status="PASS" starttime="20220104 07:58:44.762" endtime="20220104 07:58:44.797"/>
</iter>
<iter>
<var name="${j}">3</var>
<kw name="Get Text" library="SeleniumLibrary">
<var>${val}</var>
<arg>xpath://table[@id='customers']/tbody/tr[${i}]/td[${j}]</arg>
<doc>Returns the text value of the element identified by ``locator``.</doc>
<msg timestamp="20220104 07:58:44.828" level="INFO">${val} = Italy</msg>
<status status="PASS" starttime="20220104 07:58:44.797" endtime="20220104 07:58:44.828"/>
</kw>
<kw name="Log To Console" library="BuiltIn">
<arg>${val}</arg>
<doc>Logs the given message to the console.</doc>
<status status="PASS" starttime="20220104 07:58:44.828" endtime="20220104 07:58:44.829"/>
</kw>
<status status="PASS" starttime="20220104 07:58:44.797" endtime="20220104 07:58:44.829"/>
</iter>
<status status="PASS" starttime="20220104 07:58:44.737" endtime="20220104 07:58:44.829"/>
</for>
<status status="PASS" starttime="20220104 07:58:44.736" endtime="20220104 07:58:44.829"/>
</iter>
<status status="PASS" starttime="20220104 07:58:44.351" endtime="20220104 07:58:44.829"/>
</for>
<kw name="Close Browser" library="SeleniumLibrary">
<doc>Closes the current browser.</doc>
<status status="PASS" starttime="20220104 07:58:44.829" endtime="20220104 07:58:47.010"/>
</kw>
<status status="PASS" starttime="20220104 07:58:35.895" endtime="20220104 07:58:47.010"/>
</test>
<status status="PASS" starttime="20220104 07:58:35.557" endtime="20220104 07:58:47.010"/>
</suite>
<statistics>
<total>
<stat pass="1" fail="0" skip="0">All Tests</stat>
</total>
<tag>
</tag>
<suite>
<stat pass="1" fail="0" skip="0" id="s1" name="HTMLWebTable">HTMLWebTable</stat>
</suite>
</statistics>
<errors>
</errors>
</robot>
